<?xml version="1.0" encoding="UTF-8"?>
<!-- Generated by org.testng.reporters.JUnitXMLReporter -->
<testsuite ignored="0" hostname="Akhilesh" failures="0" tests="4" name="Default test" time="162.612" errors="0" timestamp="2023-07-17T19:34:40 IST">
  <testcase classname="homeScreen.CapabalitiesDirect" name="splachScreen" time="20.314"/>
  <testcase classname="homeScreen.HomeScreen" name="layoutEverythingButtonClick" time="43.589"/>
  <testcase classname="homeScreen.HomeScreen" name="layoutSpeciallyButtonClick" time="67.585"/>
  <testcase classname="homeScreen.HomeScreen" name="layoutParentsButtonClick" time="31.08"/>
</testsuite> <!-- Default test -->
