<?xml version="1.0" encoding="UTF-8"?>
<!-- Generated by org.testng.reporters.JUnitXMLReporter -->
<testsuite ignored="0" hostname="Akhilesh" failures="0" tests="3" name="Default test" time="76.365" errors="0" timestamp="2023-09-05T18:52:29 IST">
  <testcase classname="activityScreens.NoResetCapabalities" name="splachScreen" time="24.659"/>
  <testcase classname="activityScreens.HomeScreen" name="clickOnHomeTab" time="8.862"/>
  <testcase classname="activityScreens.HomeScreen" name="layoutEverythingButtonClickDeom" time="42.809"/>
</testsuite> <!-- Default test -->
