<?xml version="1.0" encoding="UTF-8"?>
<testng-results ignored="0" total="8" passed="7" failed="1" skipped="0">
  <reporter-output>
  </reporter-output>
  <suite started-at="2023-08-31T15:56:09 IST" name="Default suite" finished-at="2023-08-31T15:57:42 IST" duration-ms="92344">
    <groups>
    </groups>
    <test started-at="2023-08-31T15:56:09 IST" name="Default test" finished-at="2023-08-31T15:57:42 IST" duration-ms="92344">
      <class name="forgotPin.ForgotPin">
        <test-method signature="splachScreen()[pri:1, instance:forgotPin.ForgotPin@7690781]" started-at="2023-08-31T15:56:09 IST" name="splachScreen" finished-at="2023-08-31T15:56:28 IST" duration-ms="19059" status="PASS">
          <reporter-output>
          </reporter-output>
        </test-method> <!-- splachScreen -->
        <test-method signature="selectMobileNumberfromPopup()[pri:4, instance:forgotPin.ForgotPin@7690781]" started-at="2023-08-31T15:56:28 IST" name="selectMobileNumberfromPopup" finished-at="2023-08-31T15:56:36 IST" duration-ms="7801" status="PASS">
          <reporter-output>
          </reporter-output>
        </test-method> <!-- selectMobileNumberfromPopup -->
        <test-method signature="clickOnFogotonLogin()[pri:5, instance:forgotPin.ForgotPin@7690781]" started-at="2023-08-31T15:56:36 IST" name="clickOnFogotonLogin" finished-at="2023-08-31T15:56:39 IST" duration-ms="2716" status="PASS">
          <reporter-output>
          </reporter-output>
        </test-method> <!-- clickOnFogotonLogin -->
        <test-method signature="selectMobileNumberfromPopup2()[pri:6, instance:forgotPin.ForgotPin@7690781]" started-at="2023-08-31T15:56:39 IST" name="selectMobileNumberfromPopup2" finished-at="2023-08-31T15:56:46 IST" duration-ms="7592" status="PASS">
          <reporter-output>
          </reporter-output>
        </test-method> <!-- selectMobileNumberfromPopup2 -->
        <test-method signature="clickandEnterOTP()[pri:8, instance:forgotPin.ForgotPin@7690781]" started-at="2023-08-31T15:56:46 IST" name="clickandEnterOTP" finished-at="2023-08-31T15:56:58 IST" duration-ms="11259" status="PASS">
          <reporter-output>
          </reporter-output>
        </test-method> <!-- clickandEnterOTP -->
        <test-method signature="nonRegisterNumber()[pri:9, instance:forgotPin.ForgotPin@7690781]" started-at="2023-08-31T15:56:58 IST" name="nonRegisterNumber" finished-at="2023-08-31T15:57:12 IST" duration-ms="14100" status="FAIL">
          <exception class="org.openqa.selenium.NoSuchElementException">
            <message>
              <![CDATA[An element could not be located on the page using the given search parameters.
For documentation on this error, please visit: https://www.seleniumhq.org/exceptions/no_such_element.html
Build info: version: '3.141.59', revision: 'e82be7d358', time: '2018-11-14T08:17:03'
System info: host: 'AKHILESH', ip: '192.168.0.112', os.name: 'Windows 11', os.arch: 'amd64', os.version: '10.0', java.version: '17.0.5'
Driver info: io.appium.java_client.android.AndroidDriver
Capabilities {databaseEnabled: false, desired: {platformName: android}, deviceApiLevel: 33, deviceManufacturer: samsung, deviceModel: SM-M135FU, deviceName: RZ8T81PTRKN, deviceScreenDensity: 450, deviceScreenSize: 1080x2408, deviceUDID: RZ8T81PTRKN, javascriptEnabled: true, locationContextEnabled: false, networkConnectionEnabled: true, pixelRatio: 2.8125, platform: LINUX, platformName: Android, platformVersion: 13, statBarHeight: 66, takesScreenshot: true, viewportRect: {height: 2141, left: 0, top: 66, width: 1080}, warnings: {}, webStorageEnabled: false}
Session ID: 83dfbe33-f20c-4e2a-ba18-a0532422f12e
*** Element info: {Using=accessibility id, value=Send OTP}]]>
            </message>
            <full-stacktrace>
              <![CDATA[org.openqa.selenium.NoSuchElementException: An element could not be located on the page using the given search parameters.
For documentation on this error, please visit: https://www.seleniumhq.org/exceptions/no_such_element.html
Build info: version: '3.141.59', revision: 'e82be7d358', time: '2018-11-14T08:17:03'
System info: host: 'AKHILESH', ip: '192.168.0.112', os.name: 'Windows 11', os.arch: 'amd64', os.version: '10.0', java.version: '17.0.5'
Driver info: io.appium.java_client.android.AndroidDriver
Capabilities {databaseEnabled: false, desired: {platformName: android}, deviceApiLevel: 33, deviceManufacturer: samsung, deviceModel: SM-M135FU, deviceName: RZ8T81PTRKN, deviceScreenDensity: 450, deviceScreenSize: 1080x2408, deviceUDID: RZ8T81PTRKN, javascriptEnabled: true, locationContextEnabled: false, networkConnectionEnabled: true, pixelRatio: 2.8125, platform: LINUX, platformName: Android, platformVersion: 13, statBarHeight: 66, takesScreenshot: true, viewportRect: {height: 2141, left: 0, top: 66, width: 1080}, warnings: {}, webStorageEnabled: false}
Session ID: 83dfbe33-f20c-4e2a-ba18-a0532422f12e
*** Element info: {Using=accessibility id, value=Send OTP}
at java.base/jdk.internal.reflect.NativeConstructorAccessorImpl.newInstance0(Native Method)
at java.base/jdk.internal.reflect.NativeConstructorAccessorImpl.newInstance(NativeConstructorAccessorImpl.java:77)
at java.base/jdk.internal.reflect.DelegatingConstructorAccessorImpl.newInstance(DelegatingConstructorAccessorImpl.java:45)
at java.base/java.lang.reflect.Constructor.newInstanceWithCaller(Constructor.java:499)
at java.base/java.lang.reflect.Constructor.newInstance(Constructor.java:480)
at org.openqa.selenium.remote.http.W3CHttpResponseCodec.createException(W3CHttpResponseCodec.java:187)
at org.openqa.selenium.remote.http.W3CHttpResponseCodec.decode(W3CHttpResponseCodec.java:122)
at org.openqa.selenium.remote.http.W3CHttpResponseCodec.decode(W3CHttpResponseCodec.java:49)
at org.openqa.selenium.remote.HttpCommandExecutor.execute(HttpCommandExecutor.java:158)
at io.appium.java_client.remote.AppiumCommandExecutor.execute(AppiumCommandExecutor.java:239)
at org.openqa.selenium.remote.RemoteWebDriver.execute(RemoteWebDriver.java:552)
at io.appium.java_client.DefaultGenericMobileDriver.execute(DefaultGenericMobileDriver.java:42)
at io.appium.java_client.AppiumDriver.execute(AppiumDriver.java:1)
at io.appium.java_client.android.AndroidDriver.execute(AndroidDriver.java:1)
at org.openqa.selenium.remote.RemoteWebDriver.findElement(RemoteWebDriver.java:323)
at io.appium.java_client.DefaultGenericMobileDriver.findElement(DefaultGenericMobileDriver.java:62)
at io.appium.java_client.AppiumDriver.findElement(AppiumDriver.java:1)
at io.appium.java_client.android.AndroidDriver.findElement(AndroidDriver.java:1)
at io.appium.java_client.FindsByAccessibilityId.findElementByAccessibilityId(FindsByAccessibilityId.java:37)
at forgotPin.ForgotPin.nonRegisterNumber(ForgotPin.java:124)
at java.base/jdk.internal.reflect.NativeMethodAccessorImpl.invoke0(Native Method)
at java.base/jdk.internal.reflect.NativeMethodAccessorImpl.invoke(NativeMethodAccessorImpl.java:77)
at java.base/jdk.internal.reflect.DelegatingMethodAccessorImpl.invoke(DelegatingMethodAccessorImpl.java:43)
at java.base/java.lang.reflect.Method.invoke(Method.java:568)
at org.testng.internal.MethodInvocationHelper.invokeMethod(MethodInvocationHelper.java:132)
at org.testng.internal.TestInvoker.invokeMethod(TestInvoker.java:599)
at org.testng.internal.TestInvoker.invokeTestMethod(TestInvoker.java:174)
at org.testng.internal.MethodRunner.runInSequence(MethodRunner.java:46)
at org.testng.internal.TestInvoker$MethodInvocationAgent.invoke(TestInvoker.java:822)
at org.testng.internal.TestInvoker.invokeTestMethods(TestInvoker.java:147)
at org.testng.internal.TestMethodWorker.invokeTestMethods(TestMethodWorker.java:146)
at org.testng.internal.TestMethodWorker.run(TestMethodWorker.java:128)
at java.base/java.util.ArrayList.forEach(ArrayList.java:1511)
at org.testng.TestRunner.privateRun(TestRunner.java:764)
at org.testng.TestRunner.run(TestRunner.java:585)
at org.testng.SuiteRunner.runTest(SuiteRunner.java:384)
at org.testng.SuiteRunner.runSequentially(SuiteRunner.java:378)
at org.testng.SuiteRunner.privateRun(SuiteRunner.java:337)
at org.testng.SuiteRunner.run(SuiteRunner.java:286)
at org.testng.SuiteRunnerWorker.runSuite(SuiteRunnerWorker.java:53)
at org.testng.SuiteRunnerWorker.run(SuiteRunnerWorker.java:96)
at org.testng.TestNG.runSuitesSequentially(TestNG.java:1218)
at org.testng.TestNG.runSuitesLocally(TestNG.java:1140)
at org.testng.TestNG.runSuites(TestNG.java:1069)
at org.testng.TestNG.run(TestNG.java:1037)
at org.testng.remote.AbstractRemoteTestNG.run(AbstractRemoteTestNG.java:115)
at org.testng.remote.RemoteTestNG.initAndRun(RemoteTestNG.java:251)
at org.testng.remote.RemoteTestNG.main(RemoteTestNG.java:77)
]]>
            </full-stacktrace>
          </exception> <!-- org.openqa.selenium.NoSuchElementException -->
          <reporter-output>
          </reporter-output>
        </test-method> <!-- nonRegisterNumber -->
        <test-method signature="clickOnPin()[pri:10, instance:forgotPin.ForgotPin@7690781]" started-at="2023-08-31T15:57:12 IST" name="clickOnPin" finished-at="2023-08-31T15:57:22 IST" duration-ms="9795" status="PASS">
          <reporter-output>
          </reporter-output>
        </test-method> <!-- clickOnPin -->
        <test-method signature="clickOnConfirmPin()[pri:11, instance:forgotPin.ForgotPin@7690781]" started-at="2023-08-31T15:57:22 IST" name="clickOnConfirmPin" finished-at="2023-08-31T15:57:42 IST" duration-ms="19975" status="PASS">
          <reporter-output>
          </reporter-output>
        </test-method> <!-- clickOnConfirmPin -->
      </class> <!-- forgotPin.ForgotPin -->
    </test> <!-- Default test -->
  </suite> <!-- Default suite -->
</testng-results>
