<?xml version="1.0" encoding="UTF-8"?>
<testng-results ignored="0" total="2" passed="2" failed="0" skipped="0">
  <reporter-output>
  </reporter-output>
  <suite started-at="2023-07-11T13:58:50 IST" name="Default suite" finished-at="2023-07-11T13:59:19 IST" duration-ms="29107">
    <groups>
    </groups>
    <test started-at="2023-07-11T13:58:50 IST" name="Default test" finished-at="2023-07-11T13:59:19 IST" duration-ms="29107">
      <class name="forgotPin.ForgotPin">
        <test-method signature="splachScreen()[pri:1, instance:forgotPin.ForgotPin@19d481b]" started-at="2023-07-11T13:58:50 IST" name="splachScreen" finished-at="2023-07-11T13:59:11 IST" duration-ms="20912" status="PASS">
          <reporter-output>
          </reporter-output>
        </test-method> <!-- splachScreen -->
        <test-method signature="clickandEnterOTP()[pri:8, instance:forgotPin.ForgotPin@19d481b]" started-at="2023-07-11T13:59:11 IST" name="clickandEnterOTP" finished-at="2023-07-11T13:59:19 IST" duration-ms="8138" status="PASS">
          <reporter-output>
          </reporter-output>
        </test-method> <!-- clickandEnterOTP -->
      </class> <!-- forgotPin.ForgotPin -->
    </test> <!-- Default test -->
  </suite> <!-- Default suite -->
</testng-results>
